
ROM used:   262/8192 (3%)
            262/8192 (3%) including unused fragments

            0.3 Average locations per line
            3.5 Average locations per statement

RAM used:   29/368 (8%) at main() level
            29/368 (8%) worst case

Stack used: 1 worst case (0 in main + 1 for interrupts)
Stack size: 8

Lines Stmts  %   Files
----- ----- ---  -----
  126    75 100  ContadorDecimal.c
   26     0   0  ContadorDecimal.h
  684     0   0  D:\Program Files (x86)\PICC\Devices\16F877A.h
----- -----
  836    75 Total

Page ROM  %  RAM    Vol Diff  Functions:
---- --- --- ---    --- ----  ----------
0     10   4    0    102  2.9  TIMER0_isr
0     66  25    1    442  4.7  MAIN
0     33  13    0    388  3.3  fazerContagem
0      8   3    0     88  1.7  zerarPress
0     98  37    1    533  4.3  varrerDisplay
 Inline         0             @cinit1

Program metrics:
    Functions               5
    Statements              75
    Comments                135
    Volume (V)              2183
    Difficulty (D)          17.0
    Effort to implement (E) 37024
    Time to implement (T)   34 minutes
    Est Delivered Bugs (B)  0
    Cyclomatic Complexity   14
    Maintainability (MI)    144

 Segment     Used  Free
-----------  ----  ----
00000-00003     4  0  
00004-0002E    43  0  
0002F-007FF   215  1786  
00800-00FFF     0  2048  
01000-017FF     0  2048  
01800-01FFF     0  2048  



