MPASM 5.71              NEWPIC_8B_SIMPLE.ASM   4-18-2024  21:11:38         PAGE  1


LOC  OBJECT CODE     LINE SOURCE TEXT
  VALUE

                      00001 ; PIC16F877A Configuration Bit Settings
                      00002 ; Assembly source line config statements
                      00003 #include "p16f877a.inc"
                      00001         LIST
                      00002 
                      00003 ;==========================================================================
                      00004 ; Build date : Nov 17 2016
                      00005 ;  MPASM PIC16F877A processor include
                      00006 ; 
                      00007 ;  (c) Copyright 1999-2016 Microchip Technology, All rights reserved
                      00008 ;==========================================================================
                      00009 
                      00567         LIST
                      00004 ; CONFIG
                      00005 ; __config 0xFF71
2007   3F72           00006  __CONFIG _FOSC_HS & _WDTE_OFF & _PWRTE_ON & _BOREN_ON & _LVP_OFF & _CPD_OFF & _WRT_OFF & _CP_OFF
                      00007 
                      00008 #define BANK0   BCF STATUS,RP0
                      00009 #define BANK1   BSF STATUS,RP0
                      00010  
                      00011 ;nomeando posição da memória RAM 
                      00012  CBLOCK 0x20
  00000020            00013     FLAGS       ;0x20
  00000021            00014     CONTADOR2   ;0x21
  00000022            00015     UNIDADE     ;0x22
  00000023            00016     DEZENA      ;0x23
  00000024            00017     W_TEMP      ;0x24
  00000025            00018     STATUS_TEMP ;0x25
  00000026            00019     CONTADOR    ;0x26
  00000027            00020     CENTENA     ;0x27
  00000028            00021     MILHAR      ;0x28
  00000029            00022     AUX         ;0x29
                      00023  ENDC
                      00024  
                      00025 ;entradas
                      00026 #define     B_INICIAR       PORTB,0
                      00027 #define     B_PARAR         PORTB,1
                      00028 #define     B_ZERAR         PORTB,2
                      00029  
                      00030 ;saídas
                      00031 #define     DISPLAYS        PORTD
                      00032 #define     D_UNIDADE       PORTB,4
                      00033 #define     D_DEZENA        PORTB,5
                      00034 #define     D_CENTENA       PORTB,6
                      00035 #define     D_MILHAR        PORTB,7
                      00036  
                      00037 ;variáveis
                      00038 #define    JA_LI            FLAGS,0
                      00039 #define    INT_ATIVA        FLAGS,1
                      00040 #define    FIM_TEMPO        FLAGS,2
                      00041 #define    CONTANDO         FLAGS,3
                      00042 #define    FIM_LED          FLAGS,4 
                      00043 
MPASM 5.71              NEWPIC_8B_SIMPLE.ASM   4-18-2024  21:11:38         PAGE  2


LOC  OBJECT CODE     LINE SOURCE TEXT
  VALUE

                      00044 ;constantes                                           Np*Tcpu*Ps = TempoVarredura
  00000083            00045 V_TMR0      equ     .131   ;256 - 131 = 125 pulsos -> 125*0,5*16 = 1ms
  00000064            00046 V_FILTRO    equ     .100
  00000032            00047 V_CONT      equ     .50   ;(tempo que quero)/(Np*Ps*Tcpu) = Contador
  00000002            00048 V_CONT2     equ     .2    ;(100ms)/(125*16*0,5*10^-6) = 100  -> cont1*cont2 = 100
                      00049 ;=== programa ==============
                      00050 RES_VECT    CODE    0x0000    ;vetor de reset, indica a posição inicial do programa na FLASH
0000   2???           00051     GOTO    INICIO
                      00052 
                      00053 ISR         CODE    0x0004      ; interrupt vector location
0004   00A4           00054     MOVWF   W_TEMP              ;salva o conteúdo de W em W_TEMP            
0005   0803           00055     MOVF    STATUS,W            ;W = STATUS
0006   00A5           00056     MOVWF   STATUS_TEMP         ;salva o conteúdo de STATUS em STATUS_TEMP
0007   1D0B           00057     BTFSS   INTCON,T0IF         ;testa se o indicador de interrupção por TMR0 está ativo
0008   2???           00058     GOTO    SAI_INTERRUPCAO     ;se não estiver, pula para SAI_INTERRUPCAO
0009   110B           00059     BCF     INTCON,T0IF         ;zera o flag indicador de interrupção por TMR0
000A   3083           00060     MOVLW   V_TMR0              ;W = V_TMR0
000B   0781           00061     ADDWF   TMR0,F              ;TMR0 = TMR0 + V_TMR0
000C   14A0           00062     BSF     INT_ATIVA           ;INT_ATIVA = 1
000D   0BA6           00063     DECFSZ  CONTADOR,F          ;decrementa CONTADAOR e testa se é zero
000E   2???           00064     GOTO    SAI_INTERRUPCAO     ;se não for zero, pula para SAI_INTERRUPCAO
000F   3032           00065     MOVLW   V_CONT              ;W = V_CONT
0010   00A6           00066     MOVWF   CONTADOR            ;CONTADOR = V_CONT
0011   1620           00067     BSF     FIM_LED             ;FIM_LED
0012   0BA1           00068     DECFSZ  CONTADOR2,F         ;decrementa CONTADOR2 e testa se é zero
0013   2???           00069     GOTO    SAI_INTERRUPCAO     ;se não for zero, pula para SAI_INTERRUPCAO
0014   1520           00070     BSF     FIM_TEMPO           ;FIM_TEMPO = 1
0015   3002           00071     MOVLW   V_CONT2             ;W = V_CONT2
0016   00A1           00072     MOVWF   CONTADOR2           ;CONTADOR2 = V_CONT2    
0017                  00073 SAI_INTERRUPCAO
0017   0825           00074     MOVF    STATUS_TEMP,W       ;W = STATUS_TEMP
0018   0083           00075     MOVWF   STATUS              ;restaura o conteúdo de STATUS
0019   0824           00076     MOVF    W_TEMP,W            ;restaura o conteúdo de W       
001A   0009           00077     RETFIE
                      00078     
001B                  00079 BUSCA_CODIGO
001B   0782           00080     ADDWF   PCL,F           
001C   343F           00081     RETLW   B'00111111'     ;63   
001D   3406           00082     RETLW   B'00000110'     ;6
001E   345B           00083     RETLW   B'01011011'     ;91
001F   344F           00084     RETLW   B'01001111'     ;79
0020   3466           00085     RETLW   B'01100110'     ;102
0021   346D           00086     RETLW   B'01101101'     ;109
0022   347D           00087     RETLW   B'01111101'     ;125
0023   3407           00088     RETLW   B'00000111'     ;7
0024   347F           00089     RETLW   B'01111111'     ;127
0025   346F           00090     RETLW   B'01101111'     ;111
                      00091     
0026                  00092 INICIO  
0026   1683           00093     BANK1                   ;seleciona o banco 1 da memória RAM
0027   300F           00094     MOVLW   B'00001111'     ;W = 00001111
Message[302]: Register in operand not in bank 0.  Ensure that bank bits are correct.
0028   0086           00095     MOVWF   TRISB           ;TRISB = 00001111,configura os 4LSB como entrada e os 4MSB como saída
MPASM 5.71              NEWPIC_8B_SIMPLE.ASM   4-18-2024  21:11:38         PAGE  3


LOC  OBJECT CODE     LINE SOURCE TEXT
  VALUE

Message[302]: Register in operand not in bank 0.  Ensure that bank bits are correct.
0029   0188           00096     CLRF    TRISD           ;TRISD = 00000000,configura o PORTD como saída
002A   30D3           00097     MOVLW   B'11010011'     ;palavra de configuração do TMR0 (prescaler 1:16)
Message[302]: Register in operand not in bank 0.  Ensure that bank bits are correct.
002B   0081           00098     MOVWF   OPTION_REG      ;carrega a palavra de configuração do TMR0 no OPTION_REG
002C   1283           00099     BANK0                   ;seleciona o banco 0 da memória RAM
002D   01A2           00100     CLRF    UNIDADE         ;UNIDADE = 0
002E   01A3           00101     CLRF    DEZENA          ;DEZENA = 0
002F   01A7           00102     CLRF    CENTENA         ;CENTENA = 0
0030   01A8           00103     CLRF    MILHAR          ;MILHAR = 0
0031   1206           00104     BCF     D_UNIDADE       ;apaga o display da UNIDADE
0032   1286           00105     BCF     D_DEZENA        ;apaga o display da DEZENA
0033   1306           00106     BCF     D_CENTENA       ;apaga o display da CENTENA
0034   1386           00107     BCF     D_MILHAR        ;apaga o display da MILHAR     
0035   168B           00108     BSF     INTCON,T0IE     ;permite atender interrupção por TMR0    
0036   178B           00109     BSF     INTCON,GIE      ;permite atender interrupções  
0037                  00110 LACO_PRINCIPAL
0037   18A0           00111     BTFSC   INT_ATIVA       ;testa se o bit indicador de tempo 4ms está ativo
0038   2???           00112     CALL    TROCA_DISPLAY   ;se INT_ATIVA = 1, chama sub-rotina TROCA_DISPLAY
0039   1DA0           00113     BTFSS   CONTANDO        ;testa se CONTANDO = 1
003A   2???           00114     GOTO    PARADO          ;se não, pule para PARADO     
003B   1C86           00115     BTFSS   B_PARAR         ;testa se o botão B_PARAR está liberado     
003C   2???           00116     GOTO    B_PARAR_PRESS   ;se pressionado pule para B_PARAR_PRESS
003D   1A20           00117     BTFSC   FIM_LED         ;testa se o FIM_LED = 0
003E   2???           00118     CALL    TROCA_LED       ;se FIM_LED = 1, chama a rotina de troca de estado do LED 
003F   1D20           00119     BTFSS   FIM_TEMPO       ;testa se o FIM_TEMPO = 1
0040   2???           00120     GOTO    LACO_PRINCIPAL  ;se FIM_TEMPO = 0, pula para  LACO_PRINCIPAL
0041   1120           00121     BCF     FIM_TEMPO       ;FIM_TEMPO = 0
0042   0AA2           00122     INCF    UNIDADE,F       ;UNIDADE++
0043   300A           00123     MOVLW   .10             ;W = 10 (B'00001010' ou 0x0A)
0044   0222           00124     SUBWF   UNIDADE,W       ;W = UNIDADE - W
0045   1C03           00125     BTFSS   STATUS,C        ;testa se o resultado é positivo
0046   2???           00126     GOTO    LACO_PRINCIPAL  ;se resutado for negativo, pula para LACO_PRINCIPAL
0047   01A2           00127     CLRF    UNIDADE         ;UNIDADE = 0
0048   0AA3           00128     INCF    DEZENA,F        ;DEZENA++
0049   300A           00129     MOVLW   .10             ;W = 10 (B'00001010' ou 0x0A)
004A   0223           00130     SUBWF   DEZENA,W        ;W = DEZENA - W
004B   1C03           00131     BTFSS   STATUS,C        ;testa se o resultado é positivo
004C   2???           00132     GOTO    LACO_PRINCIPAL  ;se resutado for negativo, pula para LACO_PRINCIPAL
004D   01A3           00133     CLRF    DEZENA          ;limpa dezena
004E   0AA7           00134     INCF    CENTENA,F       ;incrementa centena
004F   300A           00135     MOVLW   .10             ;w = 10
0050   0227           00136     SUBWF   CENTENA,W       ;centena - w
0051   1C03           00137     BTFSS   STATUS,C        ;testa se foi negativo
0052   2???           00138     GOTO    LACO_PRINCIPAL  ;se nao foi volta pro laco 
0053   01A7           00139     CLRF    CENTENA         ;se foi limpa centena
0054   0AA8           00140     INCF    MILHAR,F        ;incrementa milhar
0055   300A           00141     MOVLW   .10             ;w = 10
0056   0228           00142     SUBWF   MILHAR,W        ; milhar - w
0057   1803           00143     BTFSC   STATUS,C        ;testa se foi negativo
0058   01A8           00144     CLRF    MILHAR          ;se foi limpa milhar
0059   2???           00145     GOTO    LACO_PRINCIPAL  ;volta pro laco principal
                      00146   
MPASM 5.71              NEWPIC_8B_SIMPLE.ASM   4-18-2024  21:11:38         PAGE  4


LOC  OBJECT CODE     LINE SOURCE TEXT
  VALUE

005A                  00147 B_PARAR_PRESS
005A   11A0           00148     BCF     CONTANDO        ;CONTANDO = 0 
005B   2???           00149     GOTO    LACO_PRINCIPAL  ;pula para LACO_PRINCIPAL 
005C                  00150 PARADO
005C   1C06           00151     BTFSS   B_INICIAR       ;testa se o botão B_INICIAR está liberado
005D   2???           00152     GOTO    B_INICIAR_PRESS ;se pressionado pule para B_INICIAR_PRESS
005E   1906           00153     BTFSC   B_ZERAR         ;testa se o botão B_ZERAR está liberado
005F   2???           00154     GOTO    LACO_PRINCIPAL  ;se não pressionado pule para LACO_PRINCIPAL 
0060   01A2           00155     CLRF    UNIDADE         ;UNIDADE = 0  
0061   01A3           00156     CLRF    DEZENA          ;DEZENA = 0
0062   01A7           00157     CLRF    CENTENA         ;CENTENA = 0
0063   01A8           00158     CLRF    MILHAR          ;MILHAR = 0
0064   2???           00159     GOTO    LACO_PRINCIPAL  ;pula para LACO_PRINCIPAL
                      00160  
0065                  00161 B_INICIAR_PRESS
0065   15A0           00162     BSF     CONTANDO        ;CONTANDO = 1
0066   1120           00163     BCF     FIM_TEMPO       ;FIM_TEMPO = 0
0067   1220           00164     BCF     FIM_LED         ;FIM_LED = 0    
0068   3032           00165     MOVLW   V_CONT          ;W = V_CONT
0069   00A6           00166     MOVWF   CONTADOR        ;CONTADOR = V_CONT
006A   3002           00167     MOVLW   V_CONT2         ;W = V_CONT2
006B   00A1           00168     MOVWF   CONTADOR2       ;CONTADOR2 = V_CONT2
006C   2???           00169     GOTO    LACO_PRINCIPAL  ;pula para LACO_PRINCIPAL    
                      00170  
006D                  00171 TROCA_LED
006D   1220           00172     BCF     FIM_LED         ;FIM_LED = 0
006E   2???           00173     GOTO    ACENDE_LED      ;se LED = 0, pula para ACENDE_LED
006F   0008           00174     RETURN                  ;retorna da chamada de subrotina  
0070                  00175 ACENDE_LED
0070   0008           00176     RETURN                  ;retorna da chamada de subrotina
                      00177     
0071                  00178 TROCA_DISPLAY
0071   10A0           00179     BCF     INT_ATIVA       ;INT_ATIVA = 0  
0072   1E06           00180     BTFSS   D_UNIDADE       ;testa se o display da UNIDADE está acesso
0073   2???           00181     GOTO    TESTA_DEZENA    ;se UNIDADE não estiver acesa, pula para TESTA_DEZENA
0074                  00182 ACENDE_DEZENA
0074   1206           00183     BCF     D_UNIDADE       ;apaga o display da UNIDADE
0075   0823           00184     MOVF    DEZENA,W        ;W = DEZENA
0076   2???           00185     CALL    BUSCA_CODIGO    ;chama a subrotina para buscar o código de 7 segmentos
0077   00A9           00186     MOVWF   AUX             ;logica para acender ponto no display da dezena
0078   3080           00187     MOVLW   B'10000000'     ;poderia simplesmente fazer um ADDLW B'10000000' -> economiza tempo de instr
                            ução pois seria apenas 1
0079   0729           00188     ADDWF   AUX,W           ;mas ja tinha feito assim entao deixei
007A   0088           00189     MOVWF   DISPLAYS        ;DISPLAYS = W (código de 7 segmentos)
007B   1686           00190     BSF     D_DEZENA        ;ativa o display da DEZENA
007C   0008           00191     RETURN                  ;retorna da chamada de subrotina
007D                  00192 TESTA_DEZENA
007D   1E86           00193     BTFSS   D_DEZENA        ;testa bit do display da dezena
007E   2???           00194     GOTO    TESTA_CENTENA   ;se desligado testa a centena
007F                  00195 ACENDE_CENTENA
007F   1286           00196     BCF     D_DEZENA        ;apaga o display da UNIDADE
0080   0827           00197     MOVF    CENTENA,W       ;W = DEZENA
0081   2???           00198     CALL    BUSCA_CODIGO    ;chama a subrotina para buscar o código de 7 segmentos
MPASM 5.71              NEWPIC_8B_SIMPLE.ASM   4-18-2024  21:11:38         PAGE  5


LOC  OBJECT CODE     LINE SOURCE TEXT
  VALUE

0082   0088           00199     MOVWF   DISPLAYS        ;DISPLAYS = W (código de 7 segmentos)
0083   1706           00200     BSF     D_CENTENA       ;ativa o display da DEZENA
0084   0008           00201     RETURN                  ;retorna da chamada de subrotina
0085                  00202 TESTA_CENTENA
0085   1F06           00203     BTFSS   D_CENTENA       ;testa a centena
0086   2???           00204     GOTO    TESTA_MILHAR    ;se desligado testa milhar
0087                  00205 ACENDE_MILHAR
0087   1306           00206     BCF     D_CENTENA       ;apaga o display da UNIDADE
0088   0828           00207     MOVF    MILHAR,W        ;W = DEZENA
0089   2???           00208     CALL    BUSCA_CODIGO    ;chama a subrotina para buscar o código de 7 segmentos
008A   0088           00209     MOVWF   DISPLAYS        ;DISPLAYS = W (código de 7 segmentos)
008B   1786           00210     BSF     D_MILHAR        ;ativa o display da DEZENA
008C   0008           00211     RETURN                  ;retorna da chamada de subrotina
008D                  00212 TESTA_MILHAR                ;nao precisa testar mais nada se chegou ate aqui
008D   1386           00213     BCF     D_MILHAR        ;apaga o display da DEZENA
008E   0822           00214     MOVF    UNIDADE,W       ;W = UNIDADE
008F   2???           00215     CALL    BUSCA_CODIGO    ;chama a subrotina para buscar o código de 7 segmentos
0090   0088           00216     MOVWF   DISPLAYS        ;DISPLAYS = W (código de 7 segmentos)
0091   1606           00217     BSF     D_UNIDADE       ;ativa o display da UNIDADE
0092   0008           00218     RETURN                  ;retorna da chamada de subrotina    
                      00219     
                      00220 
                      00221     
3F72                  00222     END
MPASM 5.71              NEWPIC_8B_SIMPLE.ASM   4-18-2024  21:11:38         PAGE  6


SYMBOL TABLE
  LABEL                             VALUE 

ACENDE_CENTENA                    0000007F
ACENDE_DEZENA                     00000074
ACENDE_LED                        00000070
ACENDE_MILHAR                     00000087
ACKDT                             00000005
ACKEN                             00000004
ACKSTAT                           00000006
ADCON0                            0000001F
ADCON1                            0000009F
ADCS0                             00000006
ADCS1                             00000007
ADCS2                             00000006
ADDEN                             00000003
ADFM                              00000007
ADIE                              00000006
ADIF                              00000006
ADON                              00000000
ADRESH                            0000001E
ADRESL                            0000009E
AUX                               00000029
BANK0                             BCF STATUS,RP0
BANK1                             BSF STATUS,RP0
BCLIE                             00000003
BCLIF                             00000003
BF                                00000000
BRGH                              00000002
BUSCA_CODIGO                      0000001B
B_INICIAR                         PORTB,0
B_INICIAR_PRESS                   00000065
B_PARAR                           PORTB,1
B_PARAR_PRESS                     0000005A
B_ZERAR                           PORTB,2
C                                 00000000
C1INV                             00000004
C1OUT                             00000006
C2INV                             00000005
C2OUT                             00000007
CCP1CON                           00000017
CCP1IE                            00000002
CCP1IF                            00000002
CCP1M0                            00000000
CCP1M1                            00000001
CCP1M2                            00000002
CCP1M3                            00000003
CCP1X                             00000005
CCP1Y                             00000004
CCP2CON                           0000001D
CCP2IE                            00000000
CCP2IF                            00000000
CCP2M0                            00000000
CCP2M1                            00000001
CCP2M2                            00000002
CCP2M3                            00000003
MPASM 5.71              NEWPIC_8B_SIMPLE.ASM   4-18-2024  21:11:38         PAGE  7


SYMBOL TABLE
  LABEL                             VALUE 

CCP2X                             00000005
CCP2Y                             00000004
CCPR1                             00000015
CCPR1H                            00000016
CCPR1L                            00000015
CCPR2                             0000001B
CCPR2H                            0000001C
CCPR2L                            0000001B
CENTENA                           00000027
CHS0                              00000003
CHS1                              00000004
CHS2                              00000005
CIS                               00000003
CKE                               00000006
CKP                               00000004
CM0                               00000000
CM1                               00000001
CM2                               00000002
CMCON                             0000009C
CMIE                              00000006
CMIF                              00000006
CONTADOR                          00000026
CONTADOR2                         00000021
CONTANDO                          FLAGS,3
CREN                              00000004
CSRC                              00000007
CVR0                              00000000
CVR1                              00000001
CVR2                              00000002
CVR3                              00000003
CVRCON                            0000009D
CVREN                             00000007
CVROE                             00000006
CVRR                              00000005
D                                 00000005
DATA_ADDRESS                      00000005
DC                                00000001
DEZENA                            00000023
DISPLAYS                          PORTD
D_A                               00000005
D_CENTENA                         PORTB,6
D_DEZENA                          PORTB,5
D_MILHAR                          PORTB,7
D_NOT_A                           00000005
D_UNIDADE                         PORTB,4
EEADR                             0000010D
EEADRH                            0000010F
EECON1                            0000018C
EECON2                            0000018D
EEDATA                            0000010C
EEDATH                            0000010E
EEIE                              00000004
EEIF                              00000004
MPASM 5.71              NEWPIC_8B_SIMPLE.ASM   4-18-2024  21:11:38         PAGE  8


SYMBOL TABLE
  LABEL                             VALUE 

EEPGD                             00000007
F                                 00000001
FERR                              00000002
FIM_LED                           FLAGS,4
FIM_TEMPO                         FLAGS,2
FLAGS                             00000020
FSR                               00000004
GCEN                              00000007
GIE                               00000007
GO                                00000002
GO_DONE                           00000002
GO_NOT_DONE                       00000002
I2C_DATA                          00000005
I2C_READ                          00000002
I2C_START                         00000003
I2C_STOP                          00000004
IBF                               00000007
IBOV                              00000005
INDF                              00000000
INICIO                            00000026
INTCON                            0000000B
INTE                              00000004
INTEDG                            00000006
INTF                              00000001
INT_ATIVA                         FLAGS,1
IRP                               00000007
JA_LI                             FLAGS,0
LACO_PRINCIPAL                    00000037
MILHAR                            00000028
NOT_A                             00000005
NOT_ADDRESS                       00000005
NOT_BO                            00000000
NOT_BOR                           00000000
NOT_DONE                          00000002
NOT_PD                            00000003
NOT_POR                           00000001
NOT_RBPU                          00000007
NOT_RC8                           00000006
NOT_T1SYNC                        00000002
NOT_TO                            00000004
NOT_TX8                           00000006
NOT_W                             00000002
NOT_WRITE                         00000002
OBF                               00000006
OERR                              00000001
OPTION_REG                        00000081
P                                 00000004
PARADO                            0000005C
PCFG0                             00000000
PCFG1                             00000001
PCFG2                             00000002
PCFG3                             00000003
PCL                               00000002
MPASM 5.71              NEWPIC_8B_SIMPLE.ASM   4-18-2024  21:11:38         PAGE  9


SYMBOL TABLE
  LABEL                             VALUE 

PCLATH                            0000000A
PCON                              0000008E
PEIE                              00000006
PEN                               00000002
PIE1                              0000008C
PIE2                              0000008D
PIR1                              0000000C
PIR2                              0000000D
PORTA                             00000005
PORTB                             00000006
PORTC                             00000007
PORTD                             00000008
PORTE                             00000009
PR2                               00000092
PS0                               00000000
PS1                               00000001
PS2                               00000002
PSA                               00000003
PSPIE                             00000007
PSPIF                             00000007
PSPMODE                           00000004
R                                 00000002
RA0                               00000000
RA1                               00000001
RA2                               00000002
RA3                               00000003
RA4                               00000004
RA5                               00000005
RB0                               00000000
RB1                               00000001
RB2                               00000002
RB3                               00000003
RB4                               00000004
RB5                               00000005
RB6                               00000006
RB7                               00000007
RBIE                              00000003
RBIF                              00000000
RC0                               00000000
RC1                               00000001
RC2                               00000002
RC3                               00000003
RC4                               00000004
RC5                               00000005
RC6                               00000006
RC7                               00000007
RC8_9                             00000006
RC9                               00000006
RCD8                              00000000
RCEN                              00000003
RCIE                              00000005
RCIF                              00000005
RCREG                             0000001A
MPASM 5.71              NEWPIC_8B_SIMPLE.ASM   4-18-2024  21:11:38         PAGE 10


SYMBOL TABLE
  LABEL                             VALUE 

RCSTA                             00000018
RD                                00000000
RD0                               00000000
RD1                               00000001
RD2                               00000002
RD3                               00000003
RD4                               00000004
RD5                               00000005
RD6                               00000006
RD7                               00000007
RE0                               00000000
RE1                               00000001
RE2                               00000002
READ_WRITE                        00000002
RP0                               00000005
RP1                               00000006
RSEN                              00000001
RX9                               00000006
RX9D                              00000000
R_NOT_W                           00000002
R_W                               00000002
S                                 00000003
SAI_INTERRUPCAO                   00000017
SEN                               00000000
SMP                               00000007
SPBRG                             00000099
SPEN                              00000007
SREN                              00000005
SSPADD                            00000093
SSPBUF                            00000013
SSPCON                            00000014
SSPCON2                           00000091
SSPEN                             00000005
SSPIE                             00000003
SSPIF                             00000003
SSPM0                             00000000
SSPM1                             00000001
SSPM2                             00000002
SSPM3                             00000003
SSPOV                             00000006
SSPSTAT                           00000094
STATUS                            00000003
STATUS_TEMP                       00000025
SYNC                              00000004
T0CS                              00000005
T0IE                              00000005
T0IF                              00000002
T0SE                              00000004
T1CKPS0                           00000004
T1CKPS1                           00000005
T1CON                             00000010
T1INSYNC                          00000002
T1OSCEN                           00000003
MPASM 5.71              NEWPIC_8B_SIMPLE.ASM   4-18-2024  21:11:38         PAGE 11


SYMBOL TABLE
  LABEL                             VALUE 

T1SYNC                            00000002
T2CKPS0                           00000000
T2CKPS1                           00000001
T2CON                             00000012
TESTA_CENTENA                     00000085
TESTA_DEZENA                      0000007D
TESTA_MILHAR                      0000008D
TMR0                              00000001
TMR0IE                            00000005
TMR0IF                            00000002
TMR1                              0000000E
TMR1CS                            00000001
TMR1H                             0000000F
TMR1IE                            00000000
TMR1IF                            00000000
TMR1L                             0000000E
TMR1ON                            00000000
TMR2                              00000011
TMR2IE                            00000001
TMR2IF                            00000001
TMR2ON                            00000002
TOUTPS0                           00000003
TOUTPS1                           00000004
TOUTPS2                           00000005
TOUTPS3                           00000006
TRISA                             00000085
TRISA0                            00000000
TRISA1                            00000001
TRISA2                            00000002
TRISA3                            00000003
TRISA4                            00000004
TRISA5                            00000005
TRISB                             00000086
TRISB0                            00000000
TRISB1                            00000001
TRISB2                            00000002
TRISB3                            00000003
TRISB4                            00000004
TRISB5                            00000005
TRISB6                            00000006
TRISB7                            00000007
TRISC                             00000087
TRISC0                            00000000
TRISC1                            00000001
TRISC2                            00000002
TRISC3                            00000003
TRISC4                            00000004
TRISC5                            00000005
TRISC6                            00000006
TRISC7                            00000007
TRISD                             00000088
TRISD0                            00000000
TRISD1                            00000001
MPASM 5.71              NEWPIC_8B_SIMPLE.ASM   4-18-2024  21:11:38         PAGE 12


SYMBOL TABLE
  LABEL                             VALUE 

TRISD2                            00000002
TRISD3                            00000003
TRISD4                            00000004
TRISD5                            00000005
TRISD6                            00000006
TRISD7                            00000007
TRISE                             00000089
TRISE0                            00000000
TRISE1                            00000001
TRISE2                            00000002
TRMT                              00000001
TROCA_DISPLAY                     00000071
TROCA_LED                         0000006D
TX8_9                             00000006
TX9                               00000006
TX9D                              00000000
TXD8                              00000000
TXEN                              00000005
TXIE                              00000004
TXIF                              00000004
TXREG                             00000019
TXSTA                             00000098
UA                                00000001
UNIDADE                           00000022
V_CONT                            00000032
V_CONT2                           00000002
V_FILTRO                          00000064
V_TMR0                            00000083
W                                 00000000
WCOL                              00000007
WR                                00000001
WREN                              00000002
WRERR                             00000003
W_TEMP                            00000024
Z                                 00000002
_BODEN_OFF                        00003FBF
_BODEN_ON                         00003FFF
_BOREN_OFF                        00003FBF
_BOREN_ON                         00003FFF
_CONFIG                           00002007
_CPD_OFF                          00003FFF
_CPD_ON                           00003EFF
_CP_ALL                           00001FFF
_CP_OFF                           00003FFF
_CP_ON                            00001FFF
_DEBUG_OFF                        00003FFF
_DEBUG_ON                         000037FF
_DEVID1                           00002006
_FOSC_EXTRC                       00003FFF
_FOSC_HS                          00003FFE
_FOSC_LP                          00003FFC
_FOSC_XT                          00003FFD
_HS_OSC                           00003FFE
MPASM 5.71              NEWPIC_8B_SIMPLE.ASM   4-18-2024  21:11:38         PAGE 13


SYMBOL TABLE
  LABEL                             VALUE 

_IDLOC0                           00002000
_IDLOC1                           00002001
_IDLOC2                           00002002
_IDLOC3                           00002003
_LP_OSC                           00003FFC
_LVP_OFF                          00003F7F
_LVP_ON                           00003FFF
_PWRTE_OFF                        00003FFF
_PWRTE_ON                         00003FF7
_RC_OSC                           00003FFF
_WDTE_OFF                         00003FFB
_WDTE_ON                          00003FFF
_WDT_OFF                          00003FFB
_WDT_ON                           00003FFF
_WRT_1FOURTH                      00003BFF
_WRT_256                          00003DFF
_WRT_HALF                         000039FF
_WRT_OFF                          00003FFF
_XT_OSC                           00003FFD
__16F877A                         00000001

Errors   :     0
Warnings :     0 reported,     0 suppressed
Messages :     3 reported,     0 suppressed

