
ROM used:   2266/8192 (28%)
            2648/8192 (32%) including unused fragments

            2.0 Average locations per line
            10.0 Average locations per statement

RAM used:   44/368 (12%) at main() level
            66/368 (18%) worst case

Stack used: 5 worst case (4 in main + 1 for interrupts)
Stack size: 8

Lines Stmts  %   Files
----- ----- ---  -----
  281   173  77  ControleTemperatura_Modelo2.c
   23     0   0  ControleTemperatura_Modelo2.h
  684     0   0  D:\Program Files (x86)\PICC\Devices\16F877A.h
  127    53  23  lcd_8bits.c
----- -----
 1115   226 Total

Page ROM  %  RAM    Vol Diff  Functions:
---- --- --- ---    --- ----  ----------
0     20   1    1             @delay_ms1
0     51   2    2    294  4.3  output
0     32   1    1    154  1.8  lcd_write_cmd
0     32   1    1    154  1.8  lcd_write_dat
0     31   1    0    179  1.4  lcd_init
0     16   1    4    200  5.5  lcd_gotoxy
0      9   0    0     82  2.8  TIMER0_isr
1    600  26    4   3735  8.3  MAIN
0     63   3   10             @FLT
0    321  14   16             @ADDFF
0    113   5    0    681  1.9  primeiraTela
0     99   4    9             @PRINTF_LU_642
0    192   8    0    524  1.9  segundaTela
0      3   0    0             @const715
 Inline         4             @PSTRINGC7_642
0    117   5   13             @MULFF
 Inline         5             @FTOSD
0     79   3   13             @DIV3232
0    224  10   13             @PRINTF_L32D_642FPFPF
0    156   7    4    250  3.1  leiturasAnalogicas
0     29   1    2             @ITOF
 Inline         0    250  3.1  @cinit1

Program metrics:
    Functions               11
    Statements              226
    Comments                239
    Volume (V)              9250
    Difficulty (D)          35.6
    Effort to implement (E) 329264
    Time to implement (T)   5 hours, 5 minutes
    Est Delivered Bugs (B)  2
    Cyclomatic Complexity   38
    Maintainability (MI)    127

 Segment     Used  Free
-----------  ----  ----
00000-00003     4  0  
00004-0004E    75  0  
0004F-007FF  1587  382  
00800-00FFF   600  1448  
01000-017FF     0  2048  
01800-01FFF     0  2048  



