MPASM 5.71              NEWPIC_8B_SIMPLE.ASM   3-7-2024  22:23:30         PAGE  1


LOC  OBJECT CODE     LINE SOURCE TEXT
  VALUE

                      00001 #include "p16f628a.inc"
                      00001         LIST
                      00002 
                      00003 ;==========================================================================
                      00004 ; Build date : Nov 17 2016
                      00005 ;  MPASM PIC16F628A processor include
                      00006 ; 
                      00007 ;  (c) Copyright 1999-2016 Microchip Technology, All rights reserved
                      00008 ;==========================================================================
                      00009 
                      00386         LIST
                      00002 
                      00003 ; CONFIG
                      00004 ; __config 0xFF70
Warning[205]: Found directive in column 1. (__CONFIG)
2007   3F70           00005 __CONFIG _FOSC_INTOSCIO & _WDTE_OFF & _PWRTE_ON & _MCLRE_ON & _BOREN_ON & _LVP_OFF & _CPD_OFF & _CP_OFF
                      00006 
                      00007 
                      00008 RES_VECT CODE 0x0000 ; VETOR DE RESET, INDICA A POSI  O INICIAL DO PROGRAMA NA FLASH
0000   1683           00009     BSF STATUS,RP0 ; SELECIONA O BANCO I DA MEMORIA RAM
Message[302]: Register in operand not in bank 0.  Ensure that bank bits are correct.
0001   1006           00010     BCF TRISB,0 ; CONFIGURA O PINO 0 DA PORTA COMO SAIDA
Message[302]: Register in operand not in bank 0.  Ensure that bank bits are correct.
0002   1086           00011     BCF TRISB,1 ; CONFIGURA O PINO 1 DA PORTA COMO SAIDA 
Message[302]: Register in operand not in bank 0.  Ensure that bank bits are correct.
0003   1106           00012     BCF TRISB,2 ; CONFIGURA O PINO 2 DA PORTA COMO SAIDA
Message[302]: Register in operand not in bank 0.  Ensure that bank bits are correct.
0004   1186           00013     BCF TRISB,3 ; CONFIGURA O PINO 3 DA PORTA COMO SAIDA
0005   1283           00014     BCF STATUS,RP0 ; SELECIONA O BANCO 0 DA MEMORIA RAM
0006   1006           00015     BCF PORTB,0 ; APAGA A LAMPADA
0007   1086           00016     BCF PORTB,1 ; APAGA A LAMPADA
0008   1106           00017     BCF PORTB,2 ; APAGA A LAMPADA
0009   1186           00018     BCF PORTB,3 ; APAGA LAMPADA
                      00019 
000A                  00020 LIGA_LEDB0
000A   1C85           00021     BTFSS PORTA,1
000B   1406           00022     BSF PORTB,0
000C   2???           00023     GOTO LIGA_LEDB0
                      00024     
000D                  00025 LIGA_LEDB1
000D   1D05           00026     BTFSS PORTA,2
000E   2???           00027     GOTO LIGA_LEDB1
000F   1486           00028     BSF PORTB,1
                      00029     
0010                  00030 LIGA_LEDB2
0010   1D85           00031     BTFSS PORTA,3
0011   2???           00032     GOTO LIGA_LEDB2
0012   1506           00033     BSF PORTB,2
                      00034     
0013                  00035 LIGA_LEDB3
0013   1E05           00036     BTFSS PORTA,4
0014   2???           00037     GOTO LIGA_LEDB3
0015   1586           00038     BSF PORTB,3
MPASM 5.71              NEWPIC_8B_SIMPLE.ASM   3-7-2024  22:23:30         PAGE  2


LOC  OBJECT CODE     LINE SOURCE TEXT
  VALUE

                      00039    
0016                  00040 DESLIGA_LEDB0
0016   1C85           00041     BTFSS PORTA,1
0017   2???           00042     GOTO DESLIGA_LEDB0
0018   1006           00043     BCF PORTB,0
                      00044     
0019                  00045 DESLIGA_LEDB1
0019   1D05           00046     BTFSS PORTA,2
001A   2???           00047     GOTO DESLIGA_LEDB1
001B   1086           00048     BCF PORTB,1
                      00049     
001C                  00050 DESLIGA_LEDB2
001C   1D85           00051     BTFSS PORTA,3
001D   2???           00052     GOTO DESLIGA_LEDB2
001E   1106           00053     BCF PORTB,2
                      00054     
001F                  00055 DESLIGA_LEDB3
001F   1E05           00056     BTFSS PORTA,4
0020   2???           00057     GOTO DESLIGA_LEDB3
0021   1186           00058     BCF PORTB,3
0022   2???           00059     GOTO LIGA_LEDB0
                      00060     
Warning[205]: Found directive in column 1. (END)
3F70                  00061 END
MPASM 5.71              NEWPIC_8B_SIMPLE.ASM   3-7-2024  22:23:30         PAGE  3


SYMBOL TABLE
  LABEL                             VALUE 

ADDEN                             00000003
ADEN                              00000003
BRGH                              00000002
C                                 00000000
C1INV                             00000004
C1OUT                             00000006
C2INV                             00000005
C2OUT                             00000007
CCP1CON                           00000017
CCP1IE                            00000002
CCP1IF                            00000002
CCP1M0                            00000000
CCP1M1                            00000001
CCP1M2                            00000002
CCP1M3                            00000003
CCP1X                             00000005
CCP1Y                             00000004
CCPR1                             00000015
CCPR1H                            00000016
CCPR1L                            00000015
CIS                               00000003
CM0                               00000000
CM1                               00000001
CM2                               00000002
CMCON                             0000001F
CMIE                              00000006
CMIF                              00000006
CREN                              00000004
CSRC                              00000007
DATA_CP_OFF                       00003FFF
DATA_CP_ON                        00003EFF
DC                                00000001
DESLIGA_LEDB0                     00000016
DESLIGA_LEDB1                     00000019
DESLIGA_LEDB2                     0000001C
DESLIGA_LEDB3                     0000001F
EEADR                             0000009B
EECON1                            0000009C
EECON2                            0000009D
EEDATA                            0000009A
EEIE                              00000007
EEIF                              00000007
F                                 00000001
FERR                              00000002
FSR                               00000004
GIE                               00000007
INDF                              00000000
INTCON                            0000000B
INTE                              00000004
INTEDG                            00000006
INTF                              00000001
IRP                               00000007
LIGA_LEDB0                        0000000A
MPASM 5.71              NEWPIC_8B_SIMPLE.ASM   3-7-2024  22:23:30         PAGE  4


SYMBOL TABLE
  LABEL                             VALUE 

LIGA_LEDB1                        0000000D
LIGA_LEDB2                        00000010
LIGA_LEDB3                        00000013
NOT_BO                            00000000
NOT_BOD                           00000000
NOT_BOR                           00000000
NOT_PD                            00000003
NOT_POR                           00000001
NOT_RBPU                          00000007
NOT_T1SYNC                        00000002
NOT_TO                            00000004
OERR                              00000001
OPTION_REG                        00000081
OSCF                              00000003
PCL                               00000002
PCLATH                            0000000A
PCON                              0000008E
PEIE                              00000006
PIE1                              0000008C
PIR1                              0000000C
PORTA                             00000005
PORTB                             00000006
PR2                               00000092
PS0                               00000000
PS1                               00000001
PS2                               00000002
PSA                               00000003
RA0                               00000000
RA1                               00000001
RA2                               00000002
RA3                               00000003
RA4                               00000004
RA5                               00000005
RA6                               00000006
RA7                               00000007
RB0                               00000000
RB1                               00000001
RB2                               00000002
RB3                               00000003
RB4                               00000004
RB5                               00000005
RB6                               00000006
RB7                               00000007
RBIE                              00000003
RBIF                              00000000
RCIE                              00000005
RCIF                              00000005
RCREG                             0000001A
RCSTA                             00000018
RD                                00000000
RP0                               00000005
RP1                               00000006
RX9                               00000006
MPASM 5.71              NEWPIC_8B_SIMPLE.ASM   3-7-2024  22:23:30         PAGE  5


SYMBOL TABLE
  LABEL                             VALUE 

RX9D                              00000000
SPBRG                             00000099
SPEN                              00000007
SREN                              00000005
STATUS                            00000003
SYNC                              00000004
T0CS                              00000005
T0IE                              00000005
T0IF                              00000002
T0SE                              00000004
T1CKPS0                           00000004
T1CKPS1                           00000005
T1CON                             00000010
T1OSCEN                           00000003
T2CKPS0                           00000000
T2CKPS1                           00000001
T2CON                             00000012
TMR0                              00000001
TMR0IE                            00000005
TMR0IF                            00000002
TMR1                              0000000E
TMR1CS                            00000001
TMR1H                             0000000F
TMR1IE                            00000000
TMR1IF                            00000000
TMR1L                             0000000E
TMR1ON                            00000000
TMR2                              00000011
TMR2IE                            00000001
TMR2IF                            00000001
TMR2ON                            00000002
TOUTPS0                           00000003
TOUTPS1                           00000004
TOUTPS2                           00000005
TOUTPS3                           00000006
TRISA                             00000085
TRISA0                            00000000
TRISA1                            00000001
TRISA2                            00000002
TRISA3                            00000003
TRISA4                            00000004
TRISA5                            00000005
TRISA6                            00000006
TRISA7                            00000007
TRISB                             00000086
TRISB0                            00000000
TRISB1                            00000001
TRISB2                            00000002
TRISB3                            00000003
TRISB4                            00000004
TRISB5                            00000005
TRISB6                            00000006
TRISB7                            00000007
MPASM 5.71              NEWPIC_8B_SIMPLE.ASM   3-7-2024  22:23:30         PAGE  6


SYMBOL TABLE
  LABEL                             VALUE 

TRMT                              00000001
TX9                               00000006
TX9D                              00000000
TXEN                              00000005
TXIE                              00000004
TXIF                              00000004
TXREG                             00000019
TXSTA                             00000098
VR0                               00000000
VR1                               00000001
VR2                               00000002
VR3                               00000003
VRCON                             0000009F
VREN                              00000007
VROE                              00000006
VRR                               00000005
W                                 00000000
WR                                00000001
WREN                              00000002
WRERR                             00000003
Z                                 00000002
_BODEN_OFF                        00003FBF
_BODEN_ON                         00003FFF
_BOREN_OFF                        00003FBF
_BOREN_ON                         00003FFF
_CONFIG                           00002007
_CPD_OFF                          00003FFF
_CPD_ON                           00003EFF
_CP_OFF                           00003FFF
_CP_ON                            00001FFF
_DEVID1                           00002006
_ER_OSC_CLKOUT                    00003FFF
_ER_OSC_NOCLKOUT                  00003FFE
_EXTCLK_OSC                       00003FEF
_FOSC_ECIO                        00003FEF
_FOSC_EXTRCCLK                    00003FFF
_FOSC_EXTRCIO                     00003FFE
_FOSC_HS                          00003FEE
_FOSC_INTOSCCLK                   00003FFD
_FOSC_INTOSCIO                    00003FFC
_FOSC_LP                          00003FEC
_FOSC_XT                          00003FED
_HS_OSC                           00003FEE
_IDLOC0                           00002000
_IDLOC1                           00002001
_IDLOC2                           00002002
_IDLOC3                           00002003
_INTOSC_OSC_CLKOUT                00003FFD
_INTOSC_OSC_NOCLKOUT              00003FFC
_INTRC_OSC_CLKOUT                 00003FFD
_INTRC_OSC_NOCLKOUT               00003FFC
_LP_OSC                           00003FEC
_LVP_OFF                          00003F7F
MPASM 5.71              NEWPIC_8B_SIMPLE.ASM   3-7-2024  22:23:30         PAGE  7


SYMBOL TABLE
  LABEL                             VALUE 

_LVP_ON                           00003FFF
_MCLRE_OFF                        00003FDF
_MCLRE_ON                         00003FFF
_PWRTE_OFF                        00003FFF
_PWRTE_ON                         00003FF7
_RC_OSC_CLKOUT                    00003FFF
_RC_OSC_NOCLKOUT                  00003FFE
_WDTE_OFF                         00003FFB
_WDTE_ON                          00003FFF
_WDT_OFF                          00003FFB
_WDT_ON                           00003FFF
_XT_OSC                           00003FED
__16F628A                         00000001
__DEBUG                           
__MPLAB_DEBUGGER_SIMULATOR        1

Errors   :     0
Warnings :     2 reported,     0 suppressed
Messages :     4 reported,     0 suppressed

